AppConfig
Clone
DBI
DBD::Pg
Data::ICal
Data::ICal::DateTime
Data::ICal::TimeZone
DateTime::Format::Pg
DateTime::Locale
DateTime::TimeZone
DateTime
Digest::HMAC_SHA1
Email::Address
Email::Date
Email::MessageID
Email::Send
Email::Send::Sendmail
Email::Simple::Creator
Email::Simple
Email::Valid
Flickr::API
HTML::Entities
HTML::TagCloud
HTTP::Request::Common
Imager
JSON::XS
LWP::Simple
LWP::UserAgent
List::Pairwise
Locale::Maketext::Lexicon
Net::OpenID::Server
Pod::POM
Template
Template::Multilingual::Parser
Term::ReadKey
Test::MockObject
Text::Diff
Text::WikiFormat
Text::xSV
URI::Escape
URI
Wiki::Toolkit
Wiki::Toolkit::Formatter::Default
Wiki::Toolkit::Store::Pg
XML::Atom
XML::Atom::Entry
XML::Atom::Feed
XML::Atom::Link
version
